<?xml version="1.0" encoding="UTF-8"?>
<testsuite name="StudyRegisterTest" tests="4" skipped="0" failures="0" errors="0" timestamp="2025-01-25T18:53:16" hostname="Yasmin---MacBook.local" time="0.156">
  <properties/>
  <testcase name="testHuman()" classname="StudyRegisterTest" time="0.055"/>
  <testcase name="testMajor()" classname="StudyRegisterTest" time="0.041"/>
  <testcase name="testAverage()" classname="StudyRegisterTest" time="0.031"/>
  <testcase name="testMinMax()" classname="StudyRegisterTest" time="0.003"/>
  <system-out><![CDATA[]]></system-out>
  <system-err><![CDATA[]]></system-err>
</testsuite>
